f:\zo_svn\zvisionproject\build\zvision\x64\debug\zv_image.obj
f:\zo_svn\zvisionproject\build\zvision\x64\debug\zv_adapter.obj
f:\zo_svn\zvisionproject\build\zvision\x64\debug\zv_contours.obj
f:\zo_svn\zvisionproject\build\zvision\x64\debug\zv_geometry.obj
f:\zo_svn\zvisionproject\build\zvision\x64\debug\zv_contour.obj
f:\zo_svn\zvisionproject\build\zvision\x64\debug\zv_trans.obj
f:\zo_svn\zvisionproject\build\zvision\x64\debug\zv_filter.obj
f:\zo_svn\zvisionproject\build\zvision\x64\debug\zv_error.obj
f:\zo_svn\zvisionproject\build\zvision\x64\debug\zv_arithmetic.obj
f:\zo_svn\zvisionproject\build\zvision\x64\debug\zv_test.obj
f:\zo_svn\zvisionproject\build\zvision\x64\debug\zv_graphics.obj
f:\zo_svn\zvisionproject\build\zvision\x64\debug\zv_task.obj
f:\zo_svn\zvisionproject\build\zvision\x64\debug\zv_matrix.obj
f:\zo_svn\zvisionproject\build\zvision\x64\debug\zv_module.obj
f:\zo_svn\zvisionproject\build\zvision\x64\debug\zv_color.obj
f:\zo_svn\zvisionproject\build\zvision\x64\debug\zv_system.obj
f:\zo_svn\zvisionproject\build\zvision\x64\debug\zv_geometric_img.obj
f:\zo_svn\zvisionproject\build\zvision\x64\debug\zv_match.obj
f:\zo_svn\zvisionproject\build\zvision\x64\debug\zv_morph.obj
f:\zo_svn\zvisionproject\build\zvision\x64\debug\zv_meas.obj
f:\zo_svn\zvisionproject\build\zvision\x64\debug\zv_file.obj
f:\zo_svn\zvisionproject\build\zvision\x64\debug\zv_param.obj
f:\zo_svn\zvisionproject\build\zvision\x64\debug\zv_segment.obj
f:\zo_svn\zvisionproject\build\zvision\x64\debug\vc140.pdb
f:\zo_svn\zvisionproject\build\zvision\x64\debug\vc140.idb
f:\zo_svn\zvisionproject\\x64_debug\zvisiond.pdb
f:\zo_svn\zvisionproject\build\zvision\x64\debug\zvision.tlog\cl.command.1.tlog
f:\zo_svn\zvisionproject\build\zvision\x64\debug\zvision.tlog\cl.read.1.tlog
f:\zo_svn\zvisionproject\build\zvision\x64\debug\zvision.tlog\cl.write.1.tlog
f:\zo_svn\zvisionproject\build\zvision\x64\debug\zvision.tlog\link-cvtres.read.1.tlog
f:\zo_svn\zvisionproject\build\zvision\x64\debug\zvision.tlog\link-cvtres.write.1.tlog
f:\zo_svn\zvisionproject\build\zvision\x64\debug\zvision.tlog\link-rc.read.1.tlog
f:\zo_svn\zvisionproject\build\zvision\x64\debug\zvision.tlog\link-rc.write.1.tlog
f:\zo_svn\zvisionproject\build\zvision\x64\debug\zvision.tlog\link.command.1.tlog
f:\zo_svn\zvisionproject\build\zvision\x64\debug\zvision.tlog\link.read.1.tlog
f:\zo_svn\zvisionproject\build\zvision\x64\debug\zvision.tlog\link.write.1.tlog
